<?xml version="1.0" encoding="UTF-8"?>
<testsuite name="alibi.DinoTest" tests="5" skipped="0" failures="0" errors="0" timestamp="2020-04-23T01:00:37" hostname="LAPTOP-JD00PDLT" time="0.002">
  <properties/>
  <testcase name="constructor" classname="alibi.DinoTest" time="0.001"/>
  <testcase name="gravityTest1" classname="alibi.DinoTest" time="0.0"/>
  <testcase name="gravityTest2" classname="alibi.DinoTest" time="0.0"/>
  <testcase name="jumpTest1" classname="alibi.DinoTest" time="0.0"/>
  <testcase name="jumpTest2" classname="alibi.DinoTest" time="0.0"/>
  <system-out><![CDATA[]]></system-out>
  <system-err><![CDATA[]]></system-err>
</testsuite>
